mode: atomic
good_abstracts/models/models.go:9.36,14.2 1 1
good_abstracts/models/models.go:20.42,25.2 1 1
good_abstracts/models/models.go:31.34,33.2 1 1
good_abstracts/models/models.go:35.35,37.20 2 3
good_abstracts/models/models.go:37.20,39.3 1 1
good_abstracts/models/models.go:40.2,40.35 1 3
good_abstracts/models/models.go:43.45,44.27 1 2
good_abstracts/models/models.go:45.13,46.47 1 1
good_abstracts/models/models.go:47.11,48.39 1 1
good_abstracts/models/models.go:49.10,50.83 1 0
good_abstracts/models/models.go:54.45,55.27 1 2
good_abstracts/models/models.go:56.13,57.47 1 1
good_abstracts/models/models.go:58.11,59.39 1 1
good_abstracts/models/models.go:60.10,61.83 1 0
good_abstracts/models/models.go:65.46,66.27 1 2
good_abstracts/models/models.go:67.13,68.32 1 1
good_abstracts/models/models.go:69.11,70.24 1 1
good_abstracts/models/models.go:71.10,72.15 1 0
good_abstracts/uobject/uobject.go:7.28,11.2 1 4
good_abstracts/uobject/uobject.go:13.60,15.2 1 6
good_abstracts/uobject/uobject.go:17.67,19.2 1 6
good_abstracts/main.go:11.44,16.2 4 0
good_abstracts/main.go:18.13,45.2 19 0
good_abstracts/actions/actions.go:12.56,14.2 1 1
good_abstracts/actions/actions.go:16.26,22.2 4 1
good_abstracts/actions/actions.go:28.66,30.2 1 2
good_abstracts/actions/actions.go:32.51,36.2 3 2
good_abstracts/adapters/adapters.go:13.73,15.2 1 5
good_abstracts/adapters/adapters.go:17.58,19.17 2 2
good_abstracts/adapters/adapters.go:19.17,20.38 1 1
good_abstracts/adapters/adapters.go:22.2,22.28 1 1
good_abstracts/adapters/adapters.go:25.59,29.45 3 2
good_abstracts/adapters/adapters.go:29.45,30.64 1 0
good_abstracts/adapters/adapters.go:33.2,40.36 6 2
good_abstracts/adapters/adapters.go:43.66,45.2 1 1
good_abstracts/adapters/adapters.go:51.79,53.2 1 3
good_abstracts/adapters/adapters.go:55.58,57.17 2 2
good_abstracts/adapters/adapters.go:57.17,58.40 1 1
good_abstracts/adapters/adapters.go:60.2,60.28 1 1
good_abstracts/adapters/adapters.go:63.66,65.2 1 1
good_abstracts/commands/commands.go:18.61,20.2 1 3
good_abstracts/commands/commands.go:22.62,24.2 1 1
good_abstracts/commands/commands.go:26.35,29.2 2 2
good_abstracts/commands/commands.go:37.74,39.2 1 11
good_abstracts/commands/commands.go:41.40,42.33 1 10
good_abstracts/commands/commands.go:42.33,43.39 1 21
good_abstracts/commands/commands.go:43.39,48.4 1 2
good_abstracts/commands/commands.go:50.2,50.12 1 8
good_abstracts/commands/commands.go:59.67,61.2 1 9
good_abstracts/commands/commands.go:63.44,67.44 3 9
good_abstracts/commands/commands.go:67.44,69.3 1 2
good_abstracts/commands/commands.go:71.2,74.21 3 7
good_abstracts/commands/commands.go:74.21,76.3 1 2
good_abstracts/commands/commands.go:78.2,78.12 1 5
good_abstracts/commands/commands.go:87.65,89.2 1 9
good_abstracts/commands/commands.go:91.43,95.44 3 8
good_abstracts/commands/commands.go:95.44,97.3 1 2
good_abstracts/commands/commands.go:99.2,102.18 4 6
good_abstracts/commands/commands.go:102.18,104.3 1 1
good_abstracts/commands/commands.go:106.2,107.12 2 6
good_abstracts/commands/commands.go:116.72,120.2 1 6
good_abstracts/commands/commands.go:122.39,125.2 2 4
good_abstracts/commands/commands.go:134.107,139.2 1 6
good_abstracts/commands/commands.go:141.41,144.2 2 4
good_abstracts/commands/commands.go:152.93,154.2 1 9
good_abstracts/commands/commands.go:156.57,160.42 3 8
good_abstracts/commands/commands.go:160.42,162.3 1 2
good_abstracts/commands/commands.go:164.2,167.16 3 6
good_abstracts/commands/commands.go:167.16,169.3 1 1
good_abstracts/commands/commands.go:171.2,176.12 5 5
good_abstracts/commands/commands.go:185.121,194.2 2 4
good_abstracts/commands/commands.go:202.164,210.2 2 4
good_abstracts/exceptions/exception.go:10.43,11.20 1 0
good_abstracts/exceptions/exception.go:11.20,13.3 1 0
good_abstracts/exceptions/exception.go:14.2,14.18 1 0
good_abstracts/exceptions/exception.go:17.76,18.20 1 0
good_abstracts/exceptions/exception.go:18.20,20.3 1 0
good_abstracts/exceptions/exception.go:21.2,21.44 1 0
